No errors on assembly of 'c:\tp_st7\exo1\mapping.asm'
No errors on assembly of 'c:\tp_st7\exo1\mapping.asm'
No errors on assembly of 'c:\tp_st7\exo1\st7lite2.asm'
No errors on assembly of 'c:\tp_st7\exo1\st7lite2.asm'
No errors on assembly of 'c:\tp_st7\exo1\exo1.asm'
No errors on assembly of 'c:\tp_st7\exo1\exo1.asm'
No errors on assembly of 'c:\tp_st7\exo1\mapping.asm'
No errors on assembly of 'c:\tp_st7\exo1\st7lite2.asm'
c:\tp_st7\exo1\exo1.asm(36): as1 : Warning 73: Couldn't find entry for segment 'ram0' in Mapfile 'Debug\exo1.map'
No errors on assembly of 'c:\tp_st7\exo1\exo1.asm'
No errors on assembly of 'c:\tp_st7\exo1\mapping.asm'
No errors on assembly of 'c:\tp_st7\exo1\exo1.asm'
No errors on assembly of 'c:\tp_st7\exo1\exo1.asm'
No errors on assembly of 'c:\tp_st7\exo1\mapping.asm'
No errors on assembly of 'c:\tp_st7\exo1\st7lite2.asm'
c:\tp_st7\exo1\exo1.asm(36): as1 : Warning 73: Couldn't find entry for segment 'ram0' in Mapfile 'Debug\exo1.map'
No errors on assembly of 'c:\tp_st7\exo1\exo1.asm'
No errors on assembly of 'C:\TP_ST7\EXO2\mapping.asm'
No errors on assembly of 'C:\TP_ST7\EXO2\mapping.asm'
No errors on assembly of 'C:\TP_ST7\EXO2\st7lite2.asm'
No errors on assembly of 'C:\TP_ST7\EXO2\st7lite2.asm'
No errors on assembly of 'C:\TP_ST7\EXO2\exo2.asm'
No errors on assembly of 'C:\TP_ST7\EXO2\exo2.asm'
No errors on assembly of 'C:\TP_ST7\EXO2\mapping.asm'
No errors on assembly of 'C:\TP_ST7\EXO2\st7lite2.asm'
C:\TP_ST7\EXO2\exo2.asm(36): as1 : Warning 73: Couldn't find entry for segment 'ram0' in Mapfile 'Debug\exo2.map'
No errors on assembly of 'C:\TP_ST7\EXO2\exo2.asm'
No errors on assembly of 'C:\TP_ST7\EXO2\mapping.asm'
No errors on assembly of 'c:\tp_st7\exo2\mapping.asm'
No errors on assembly of 'c:\tp_st7\exo2\mapping.asm'
No errors on assembly of 'c:\tp_st7\exo2\st7lite2.asm'
No errors on assembly of 'c:\tp_st7\exo2\st7lite2.asm'
No errors on assembly of 'c:\tp_st7\exo2\exo2.asm'
No errors on assembly of 'c:\tp_st7\exo2\exo2.asm'
No errors on assembly of 'c:\tp_st7\exo2\mapping.asm'
No errors on assembly of 'c:\tp_st7\exo2\st7lite2.asm'
c:\tp_st7\exo2\exo2.asm(36): as1 : Warning 73: Couldn't find entry for segment 'ram0' in Mapfile 'Debug\exo2.map'
No errors on assembly of 'c:\tp_st7\exo2\exo2.asm'
