No errors on assembly of 'c:\tp_st7\exo1\mapping.asm'
No errors on assembly of 'c:\tp_st7\exo1\mapping.asm'
No errors on assembly of 'c:\tp_st7\exo1\st7lite2.asm'
No errors on assembly of 'c:\tp_st7\exo1\st7lite2.asm'
No errors on assembly of 'c:\tp_st7\exo1\exo1.asm'
No errors on assembly of 'c:\tp_st7\exo1\exo1.asm'
No errors on assembly of 'c:\tp_st7\exo1\mapping.asm'
No errors on assembly of 'c:\tp_st7\exo1\st7lite2.asm'
c:\tp_st7\exo1\exo1.asm(36): as1 : Warning 73: Couldn't find entry for segment 'ram0' in Mapfile 'Debug\exo1.map'
No errors on assembly of 'c:\tp_st7\exo1\exo1.asm'
No errors on assembly of 'c:\tp_st7\exo1\mapping.asm'
No errors on assembly of 'c:\tp_st7\exo1\exo1.asm'
No errors on assembly of 'c:\tp_st7\exo1\exo1.asm'
No errors on assembly of 'c:\tp_st7\exo1\mapping.asm'
No errors on assembly of 'c:\tp_st7\exo1\st7lite2.asm'
c:\tp_st7\exo1\exo1.asm(36): as1 : Warning 73: Couldn't find entry for segment 'ram0' in Mapfile 'Debug\exo1.map'
No errors on assembly of 'c:\tp_st7\exo1\exo1.asm'
No errors on assembly of 'C:\TP_ST7\EXO1\mapping.asm'
No errors on assembly of 'C:\TP_ST7\EXO1\st7lite2.asm'
C:\TP_ST7\EXO1\exo1.asm(102): as1 : Error 54: Can't match Addressing mode '	LD somme, 0'
C:\TP_ST7\EXO1\exo1.asm(109): as1 : Error 54: Can't match Addressing mode '	ADD A, X'
2 errors on assembly of 'C:\TP_ST7\EXO1\exo1.asm'
C:\TP_ST7\EXO1\exo1.asm(102): as1 : Error 54: Can't match Addressing mode '	LD somme, 0'
C:\TP_ST7\EXO1\exo1.asm(109): as1 : Error 54: Can't match Addressing mode '	ADD A, X'
2 errors on assembly of 'C:\TP_ST7\EXO1\exo1.asm'
No errors on assembly of 'C:\TP_ST7\EXO1\mapping.asm'
C:\TP_ST7\EXO1\exo1.asm(102): as1 : Error 54: Can't match Addressing mode '	LD somme, #0'
C:\TP_ST7\EXO1\exo1.asm(109): as1 : Error 54: Can't match Addressing mode '	ADD A, X'
2 errors on assembly of 'C:\TP_ST7\EXO1\exo1.asm'
C:\TP_ST7\EXO1\exo1.asm(102): as1 : Error 54: Can't match Addressing mode '	LD somme, #0'
C:\TP_ST7\EXO1\exo1.asm(109): as1 : Error 54: Can't match Addressing mode '	ADD A, X'
2 errors on assembly of 'C:\TP_ST7\EXO1\exo1.asm'
No errors on assembly of 'C:\TP_ST7\EXO1\mapping.asm'
No errors on assembly of 'C:\TP_ST7\EXO1\st7lite2.asm'
C:\TP_ST7\EXO1\exo1.asm(102): as1 : Error 54: Can't match Addressing mode '	LD somme, #0'
C:\TP_ST7\EXO1\exo1.asm(109): as1 : Error 54: Can't match Addressing mode '	ADD A, X'
2 errors on assembly of 'C:\TP_ST7\EXO1\exo1.asm'
C:\TP_ST7\EXO1\exo1.asm(102): as1 : Error 54: Can't match Addressing mode '	LD somme, #0'
C:\TP_ST7\EXO1\exo1.asm(109): as1 : Error 54: Can't match Addressing mode '	ADD A, X'
2 errors on assembly of 'C:\TP_ST7\EXO1\exo1.asm'
No errors on assembly of 'C:\TP_ST7\EXO1\mapping.asm'
C:\TP_ST7\EXO1\exo1.asm(109): as1 : Error 54: Can't match Addressing mode '	ADD A, X'
1 error on assembly of 'C:\TP_ST7\EXO1\exo1.asm'
C:\TP_ST7\EXO1\exo1.asm(109): as1 : Error 54: Can't match Addressing mode '	ADD A, X'
1 error on assembly of 'C:\TP_ST7\EXO1\exo1.asm'
No errors on assembly of 'C:\TP_ST7\EXO1\mapping.asm'
No errors on assembly of 'C:\TP_ST7\EXO1\exo1.asm'
No errors on assembly of 'C:\TP_ST7\EXO1\exo1.asm'
No errors on assembly of 'C:\TP_ST7\EXO1\mapping.asm'
No errors on assembly of 'C:\TP_ST7\EXO1\st7lite2.asm'
No errors on assembly of 'C:\TP_ST7\EXO1\exo1.asm'
No errors on assembly of 'C:\TP_ST7\EXO1\mapping.asm'
No errors on assembly of 'C:\TP_ST7\EXO1\exo1.asm'
C:\TP_ST7\EXO1\exo1.asm(112): as2 : Error 46: Illegal undefined label 'bouc1'
1 error on assembly of 'C:\TP_ST7\EXO1\exo1.asm'
No errors on assembly of 'C:\TP_ST7\EXO1\mapping.asm'
No errors on assembly of 'C:\TP_ST7\EXO1\exo1.asm'
C:\TP_ST7\EXO1\exo1.asm(112): as2 : Error 46: Illegal undefined label 'bouc1'
1 error on assembly of 'C:\TP_ST7\EXO1\exo1.asm'
No errors on assembly of 'C:\TP_ST7\EXO1\mapping.asm'
No errors on assembly of 'C:\TP_ST7\EXO1\exo1.asm'
C:\TP_ST7\EXO1\exo1.asm(112): as2 : Error 46: Illegal undefined label 'bouc1'
1 error on assembly of 'C:\TP_ST7\EXO1\exo1.asm'
No errors on assembly of 'C:\TP_ST7\EXO1\mapping.asm'
No errors on assembly of 'C:\TP_ST7\EXO1\exo1.asm'
No errors on assembly of 'C:\TP_ST7\EXO1\exo1.asm'
No errors on assembly of 'C:\TP_ST7\EXO1\mapping.asm'
No errors on assembly of 'C:\TP_ST7\EXO1\st7lite2.asm'
No errors on assembly of 'C:\TP_ST7\EXO1\exo1.asm'
No errors on assembly of 'C:\TP_ST7\EXO1\mapping.asm'
C:\TP_ST7\EXO1\exo1.asm(109): as1 : Error 54: Can't match Addressing mode '	ADD A, X'
1 error on assembly of 'C:\TP_ST7\EXO1\exo1.asm'
C:\TP_ST7\EXO1\exo1.asm(109): as1 : Error 54: Can't match Addressing mode '	ADD A, X'
1 error on assembly of 'C:\TP_ST7\EXO1\exo1.asm'
No errors on assembly of 'C:\TP_ST7\EXO1\mapping.asm'
No errors on assembly of 'C:\TP_ST7\EXO1\exo1.asm'
No errors on assembly of 'C:\TP_ST7\EXO1\exo1.asm'
No errors on assembly of 'C:\TP_ST7\EXO1\mapping.asm'
No errors on assembly of 'C:\TP_ST7\EXO1\st7lite2.asm'
No errors on assembly of 'C:\TP_ST7\EXO1\exo1.asm'
No errors on assembly of 'C:\TP_ST7\EXO1\mapping.asm'
No errors on assembly of 'C:\TP_ST7\EXO1\exo1.asm'
No errors on assembly of 'C:\TP_ST7\EXO1\exo1.asm'
No errors on assembly of 'C:\TP_ST7\EXO1\mapping.asm'
No errors on assembly of 'C:\TP_ST7\EXO1\st7lite2.asm'
No errors on assembly of 'C:\TP_ST7\EXO1\exo1.asm'
No errors on assembly of 'C:\TP_ST7\EXO1\mapping.asm'
No errors on assembly of 'C:\TP_ST7\EXO1\exo1.asm'
No errors on assembly of 'C:\TP_ST7\EXO1\exo1.asm'
No errors on assembly of 'C:\TP_ST7\EXO1\mapping.asm'
No errors on assembly of 'C:\TP_ST7\EXO1\st7lite2.asm'
No errors on assembly of 'C:\TP_ST7\EXO1\exo1.asm'
No errors on assembly of 'c:\tp_st7\exo3\mapping.asm'
No errors on assembly of 'c:\tp_st7\exo3\mapping.asm'
No errors on assembly of 'c:\tp_st7\exo3\st7lite2.asm'
No errors on assembly of 'c:\tp_st7\exo3\st7lite2.asm'
No errors on assembly of 'c:\tp_st7\exo3\exo3.asm'
No errors on assembly of 'c:\tp_st7\exo3\exo3.asm'
No errors on assembly of 'c:\tp_st7\exo3\mapping.asm'
No errors on assembly of 'c:\tp_st7\exo3\st7lite2.asm'
No errors on assembly of 'c:\tp_st7\exo3\exo3.asm'
No errors on assembly of 'c:\tp_st7\exo3\mapping.asm'
No errors on assembly of 'c:\tp_st7\exo3\mapping.asm'
No errors on assembly of 'c:\tp_st7\exo4\mapping.asm'
No errors on assembly of 'c:\tp_st7\exo4\mapping.asm'
No errors on assembly of 'c:\tp_st7\exo1\st7lite2.asm'
No errors on assembly of 'c:\tp_st7\exo1\st7lite2.asm'
c:\tp_st7\exo4\exo4.asm(105): as1 : Error 54: Can't match Addressing mode '	LD (tableau, 0), 25'
c:\tp_st7\exo4\exo4.asm(106): as1 : Error 54: Can't match Addressing mode '	LD (tableau, 1), 4'
2 errors on assembly of 'c:\tp_st7\exo4\exo4.asm'
c:\tp_st7\exo4\exo4.asm(105): as1 : Error 54: Can't match Addressing mode '	LD (tableau, 0), 25'
c:\tp_st7\exo4\exo4.asm(106): as1 : Error 54: Can't match Addressing mode '	LD (tableau, 1), 4'
2 errors on assembly of 'c:\tp_st7\exo4\exo4.asm'
No errors on assembly of 'c:\tp_st7\exo4\mapping.asm'
c:\tp_st7\exo4\exo4.asm(105): as1 : Error 54: Can't match Addressing mode '	LD (tableau, 0), #25'
c:\tp_st7\exo4\exo4.asm(106): as1 : Error 54: Can't match Addressing mode '	LD (tableau, 1), #4'
2 errors on assembly of 'c:\tp_st7\exo4\exo4.asm'
c:\tp_st7\exo4\exo4.asm(105): as1 : Error 54: Can't match Addressing mode '	LD (tableau, 0), #25'
c:\tp_st7\exo4\exo4.asm(106): as1 : Error 54: Can't match Addressing mode '	LD (tableau, 1), #4'
2 errors on assembly of 'c:\tp_st7\exo4\exo4.asm'
No errors on assembly of 'c:\tp_st7\exo4\mapping.asm'
c:\tp_st7\exo4\exo4.asm(106): as1 : Error 54: Can't match Addressing mode '	LD (tableau, 0), A'
1 error on assembly of 'c:\tp_st7\exo4\exo4.asm'
c:\tp_st7\exo4\exo4.asm(106): as1 : Error 54: Can't match Addressing mode '	LD (tableau, 0), A'
1 error on assembly of 'c:\tp_st7\exo4\exo4.asm'
No errors on assembly of 'c:\tp_st7\exo4\mapping.asm'
c:\tp_st7\exo4\exo4.asm(106): as1 : Error 54: Can't match Addressing mode '	LD (tableau), A'
1 error on assembly of 'c:\tp_st7\exo4\exo4.asm'
c:\tp_st7\exo4\exo4.asm(106): as1 : Error 54: Can't match Addressing mode '	LD (tableau), A'
1 error on assembly of 'c:\tp_st7\exo4\exo4.asm'
No errors on assembly of 'c:\tp_st7\exo4\mapping.asm'
c:\tp_st7\exo4\exo4.asm(106): as1 : Error 54: Can't match Addressing mode '	LD (tableau, #0), A'
1 error on assembly of 'c:\tp_st7\exo4\exo4.asm'
c:\tp_st7\exo4\exo4.asm(106): as1 : Error 54: Can't match Addressing mode '	LD (tableau, #0), A'
1 error on assembly of 'c:\tp_st7\exo4\exo4.asm'
No errors on assembly of 'c:\tp_st7\exo4\mapping.asm'

c:\tp_st7\exo4\exo4.asm(45): as1 : Fatal 999: Cannot mix Storage and Static definitions in same segment! 'D->S'


c:\tp_st7\exo4\exo4.asm(45): as1 : Fatal 999: Cannot mix Storage and Static definitions in same segment! 'D->S'

No errors on assembly of 'c:\tp_st7\exo4\mapping.asm'
No errors on assembly of 'c:\tp_st7\exo4\exo4.asm'
No errors on assembly of 'c:\tp_st7\exo4\exo4.asm'
No errors on assembly of 'c:\tp_st7\exo4\mapping.asm'
No errors on assembly of 'c:\tp_st7\exo1\st7lite2.asm'
No errors on assembly of 'c:\tp_st7\exo4\exo4.asm'
No errors on assembly of 'C:\TP_ST7\EXO4\mapping.asm'
No errors on assembly of 'C:\TP_ST7\EXO4\mapping.asm'
No errors on assembly of 'C:\TP_ST7\EXO4\st7lite2.asm'
No errors on assembly of 'C:\TP_ST7\EXO4\st7lite2.asm'
C:\TP_ST7\EXO4\exo4.asm(114): as1 : Error 54: Can't match Addressing mode '	LD A, (tab_ROM, X)'
C:\TP_ST7\EXO4\exo4.asm(115): as1 : Error 54: Can't match Addressing mode '	LD (tab_RAM, X), A'
C:\TP_ST7\EXO4\exo4.asm(124): as1 : Error 54: Can't match Addressing mode '	LD min, (tab_RAM, X)'
C:\TP_ST7\EXO4\exo4.asm(125): as1 : Error 54: Can't match Addressing mode '	LD max, (tab_RAM, X)'
C:\TP_ST7\EXO4\exo4.asm(131): as1 : Error 54: Can't match Addressing mode '	CP min, (tab_RAM, X)'
C:\TP_ST7\EXO4\exo4.asm(133): as1 : Error 54: Can't match Addressing mode '	CP max, (tab_RAM, X)'
C:\TP_ST7\EXO4\exo4.asm(139): as1 : Error 54: Can't match Addressing mode '	LD A, (tab_RAM, X)'
C:\TP_ST7\EXO4\exo4.asm(145): as1 : Error 54: Can't match Addressing mode '	LD A, (tab_RAM, X)'
8 errors on assembly of 'C:\TP_ST7\EXO4\exo4.asm'
C:\TP_ST7\EXO4\exo4.asm(114): as1 : Error 54: Can't match Addressing mode '	LD A, (tab_ROM, X)'
C:\TP_ST7\EXO4\exo4.asm(115): as1 : Error 54: Can't match Addressing mode '	LD (tab_RAM, X), A'
C:\TP_ST7\EXO4\exo4.asm(124): as1 : Error 54: Can't match Addressing mode '	LD min, (tab_RAM, X)'
C:\TP_ST7\EXO4\exo4.asm(125): as1 : Error 54: Can't match Addressing mode '	LD max, (tab_RAM, X)'
C:\TP_ST7\EXO4\exo4.asm(131): as1 : Error 54: Can't match Addressing mode '	CP min, (tab_RAM, X)'
C:\TP_ST7\EXO4\exo4.asm(133): as1 : Error 54: Can't match Addressing mode '	CP max, (tab_RAM, X)'
C:\TP_ST7\EXO4\exo4.asm(139): as1 : Error 54: Can't match Addressing mode '	LD A, (tab_RAM, X)'
C:\TP_ST7\EXO4\exo4.asm(145): as1 : Error 54: Can't match Addressing mode '	LD A, (tab_RAM, X)'
8 errors on assembly of 'C:\TP_ST7\EXO4\exo4.asm'
No errors on assembly of 'C:\TP_ST7\EXO4\mapping.asm'
C:\TP_ST7\EXO4\exo4.asm(124): as1 : Error 54: Can't match Addressing mode '	LD min,(tab_RAM,X)'
C:\TP_ST7\EXO4\exo4.asm(125): as1 : Error 54: Can't match Addressing mode '	LD max,(tab_RAM,X)'
C:\TP_ST7\EXO4\exo4.asm(131): as1 : Error 54: Can't match Addressing mode '	CP min,(tab_RAM,X)'
C:\TP_ST7\EXO4\exo4.asm(133): as1 : Error 54: Can't match Addressing mode '	CP max,(tab_RAM,X)'
4 errors on assembly of 'C:\TP_ST7\EXO4\exo4.asm'
C:\TP_ST7\EXO4\exo4.asm(124): as1 : Error 54: Can't match Addressing mode '	LD min,(tab_RAM,X)'
C:\TP_ST7\EXO4\exo4.asm(125): as1 : Error 54: Can't match Addressing mode '	LD max,(tab_RAM,X)'
C:\TP_ST7\EXO4\exo4.asm(131): as1 : Error 54: Can't match Addressing mode '	CP min,(tab_RAM,X)'
C:\TP_ST7\EXO4\exo4.asm(133): as1 : Error 54: Can't match Addressing mode '	CP max,(tab_RAM,X)'
4 errors on assembly of 'C:\TP_ST7\EXO4\exo4.asm'
No errors on assembly of 'C:\TP_ST7\EXO4\mapping.asm'
C:\TP_ST7\EXO4\exo4.asm(126): as1 : Error 56: unrecognised opcode '	LAD A,(tab_RAM,X)'
C:\TP_ST7\EXO4\exo4.asm(133): as1 : Error 54: Can't match Addressing mode '	CP min,(tab_RAM,X)'
C:\TP_ST7\EXO4\exo4.asm(135): as1 : Error 54: Can't match Addressing mode '	CP max,(tab_RAM,X)'
3 errors on assembly of 'C:\TP_ST7\EXO4\exo4.asm'
C:\TP_ST7\EXO4\exo4.asm(126): as1 : Error 56: unrecognised opcode '	LAD A,(tab_RAM,X)'
C:\TP_ST7\EXO4\exo4.asm(133): as1 : Error 54: Can't match Addressing mode '	CP min,(tab_RAM,X)'
C:\TP_ST7\EXO4\exo4.asm(135): as1 : Error 54: Can't match Addressing mode '	CP max,(tab_RAM,X)'
3 errors on assembly of 'C:\TP_ST7\EXO4\exo4.asm'
No errors on assembly of 'C:\TP_ST7\EXO4\mapping.asm'
C:\TP_ST7\EXO4\exo4.asm(133): as1 : Error 54: Can't match Addressing mode '	CP min,(tab_RAM,X)'
C:\TP_ST7\EXO4\exo4.asm(135): as1 : Error 54: Can't match Addressing mode '	CP max,(tab_RAM,X)'
2 errors on assembly of 'C:\TP_ST7\EXO4\exo4.asm'
C:\TP_ST7\EXO4\exo4.asm(133): as1 : Error 54: Can't match Addressing mode '	CP min,(tab_RAM,X)'
C:\TP_ST7\EXO4\exo4.asm(135): as1 : Error 54: Can't match Addressing mode '	CP max,(tab_RAM,X)'
2 errors on assembly of 'C:\TP_ST7\EXO4\exo4.asm'
No errors on assembly of 'C:\TP_ST7\EXO4\mapping.asm'
C:\TP_ST7\EXO4\exo4.asm(134): as1 : Error 54: Can't match Addressing mode '	CP min,A'
C:\TP_ST7\EXO4\exo4.asm(137): as1 : Error 54: Can't match Addressing mode '	CP max,A'
2 errors on assembly of 'C:\TP_ST7\EXO4\exo4.asm'
C:\TP_ST7\EXO4\exo4.asm(134): as1 : Error 54: Can't match Addressing mode '	CP min,A'
C:\TP_ST7\EXO4\exo4.asm(137): as1 : Error 54: Can't match Addressing mode '	CP max,A'
2 errors on assembly of 'C:\TP_ST7\EXO4\exo4.asm'
No errors on assembly of 'C:\TP_ST7\EXO4\mapping.asm'
C:\TP_ST7\EXO4\exo4.asm(137): as1 : Error 54: Can't match Addressing mode '	CP max,A'
1 error on assembly of 'C:\TP_ST7\EXO4\exo4.asm'
C:\TP_ST7\EXO4\exo4.asm(137): as1 : Error 54: Can't match Addressing mode '	CP max,A'
1 error on assembly of 'C:\TP_ST7\EXO4\exo4.asm'
No errors on assembly of 'C:\TP_ST7\EXO4\mapping.asm'
No errors on assembly of 'C:\TP_ST7\EXO4\exo4.asm'
No errors on assembly of 'C:\TP_ST7\EXO4\exo4.asm'
No errors on assembly of 'C:\TP_ST7\EXO4\mapping.asm'
No errors on assembly of 'C:\TP_ST7\EXO4\st7lite2.asm'
No errors on assembly of 'C:\TP_ST7\EXO4\exo4.asm'
No errors on assembly of 'C:\TP_ST7\EXO4\mapping.asm'
No errors on assembly of 'C:\TP_ST7\EXO4\exo4.asm'
No errors on assembly of 'C:\TP_ST7\EXO4\exo4.asm'
No errors on assembly of 'C:\TP_ST7\EXO4\mapping.asm'
No errors on assembly of 'C:\TP_ST7\EXO4\st7lite2.asm'
No errors on assembly of 'C:\TP_ST7\EXO4\exo4.asm'
No errors on assembly of 'C:\TP_ST7\EXO4\mapping.asm'
No errors on assembly of 'C:\TP_ST7\EXO4\mapping.asm'
No errors on assembly of 'C:\TP_ST7\EXO4\mapping.asm'
No errors on assembly of 'C:\TP_ST7\EXO4\exo4.asm'
No errors on assembly of 'C:\TP_ST7\EXO4\exo4.asm'
No errors on assembly of 'C:\TP_ST7\EXO4\mapping.asm'
No errors on assembly of 'C:\TP_ST7\EXO4\st7lite2.asm'
No errors on assembly of 'C:\TP_ST7\EXO4\exo4.asm'
No errors on assembly of 'C:\TP_ST7\EXO4\mapping.asm'
C:\TP_ST7\EXO4\exo4.asm(137): as1 : Error 54: Can't match Addressing mode '	CP A,max	JRUGT set_max'
1 error on assembly of 'C:\TP_ST7\EXO4\exo4.asm'
C:\TP_ST7\EXO4\exo4.asm(137): as1 : Error 54: Can't match Addressing mode '	CP A,max	JRUGT set_max'
1 error on assembly of 'C:\TP_ST7\EXO4\exo4.asm'
No errors on assembly of 'C:\TP_ST7\EXO4\mapping.asm'
C:\TP_ST7\EXO4\exo4.asm(137): as1 : Error 54: Can't match Addressing mode '	CP A,max	JRUGT set_max'
1 error on assembly of 'C:\TP_ST7\EXO4\exo4.asm'
C:\TP_ST7\EXO4\exo4.asm(137): as1 : Error 54: Can't match Addressing mode '	CP A,max	JRUGT set_max'
1 error on assembly of 'C:\TP_ST7\EXO4\exo4.asm'
No errors on assembly of 'C:\TP_ST7\EXO4\mapping.asm'
No errors on assembly of 'C:\TP_ST7\EXO4\exo4.asm'
No errors on assembly of 'C:\TP_ST7\EXO4\exo4.asm'
No errors on assembly of 'C:\TP_ST7\EXO4\mapping.asm'
No errors on assembly of 'C:\TP_ST7\EXO4\st7lite2.asm'
No errors on assembly of 'C:\TP_ST7\EXO4\exo4.asm'
