No errors on assembly of 'c:\tp_st7\exo1\mapping.asm'
No errors on assembly of 'c:\tp_st7\exo1\mapping.asm'
No errors on assembly of 'c:\tp_st7\exo1\st7lite2.asm'
No errors on assembly of 'c:\tp_st7\exo1\st7lite2.asm'
No errors on assembly of 'c:\tp_st7\exo1\exo1.asm'
No errors on assembly of 'c:\tp_st7\exo1\exo1.asm'
No errors on assembly of 'c:\tp_st7\exo1\mapping.asm'
No errors on assembly of 'c:\tp_st7\exo1\st7lite2.asm'
c:\tp_st7\exo1\exo1.asm(36): as1 : Warning 73: Couldn't find entry for segment 'ram0' in Mapfile 'Debug\exo1.map'
No errors on assembly of 'c:\tp_st7\exo1\exo1.asm'
No errors on assembly of 'c:\tp_st7\exo1\mapping.asm'
No errors on assembly of 'c:\tp_st7\exo1\exo1.asm'
No errors on assembly of 'c:\tp_st7\exo1\exo1.asm'
No errors on assembly of 'c:\tp_st7\exo1\mapping.asm'
No errors on assembly of 'c:\tp_st7\exo1\st7lite2.asm'
c:\tp_st7\exo1\exo1.asm(36): as1 : Warning 73: Couldn't find entry for segment 'ram0' in Mapfile 'Debug\exo1.map'
No errors on assembly of 'c:\tp_st7\exo1\exo1.asm'
No errors on assembly of 'C:\TP_ST7\EXO1\mapping.asm'
No errors on assembly of 'C:\TP_ST7\EXO1\st7lite2.asm'
C:\TP_ST7\EXO1\exo1.asm(102): as1 : Error 54: Can't match Addressing mode '	LD somme, 0'
C:\TP_ST7\EXO1\exo1.asm(109): as1 : Error 54: Can't match Addressing mode '	ADD A, X'
2 errors on assembly of 'C:\TP_ST7\EXO1\exo1.asm'
C:\TP_ST7\EXO1\exo1.asm(102): as1 : Error 54: Can't match Addressing mode '	LD somme, 0'
C:\TP_ST7\EXO1\exo1.asm(109): as1 : Error 54: Can't match Addressing mode '	ADD A, X'
2 errors on assembly of 'C:\TP_ST7\EXO1\exo1.asm'
No errors on assembly of 'C:\TP_ST7\EXO1\mapping.asm'
C:\TP_ST7\EXO1\exo1.asm(102): as1 : Error 54: Can't match Addressing mode '	LD somme, #0'
C:\TP_ST7\EXO1\exo1.asm(109): as1 : Error 54: Can't match Addressing mode '	ADD A, X'
2 errors on assembly of 'C:\TP_ST7\EXO1\exo1.asm'
C:\TP_ST7\EXO1\exo1.asm(102): as1 : Error 54: Can't match Addressing mode '	LD somme, #0'
C:\TP_ST7\EXO1\exo1.asm(109): as1 : Error 54: Can't match Addressing mode '	ADD A, X'
2 errors on assembly of 'C:\TP_ST7\EXO1\exo1.asm'
No errors on assembly of 'C:\TP_ST7\EXO1\mapping.asm'
No errors on assembly of 'C:\TP_ST7\EXO1\st7lite2.asm'
C:\TP_ST7\EXO1\exo1.asm(102): as1 : Error 54: Can't match Addressing mode '	LD somme, #0'
C:\TP_ST7\EXO1\exo1.asm(109): as1 : Error 54: Can't match Addressing mode '	ADD A, X'
2 errors on assembly of 'C:\TP_ST7\EXO1\exo1.asm'
C:\TP_ST7\EXO1\exo1.asm(102): as1 : Error 54: Can't match Addressing mode '	LD somme, #0'
C:\TP_ST7\EXO1\exo1.asm(109): as1 : Error 54: Can't match Addressing mode '	ADD A, X'
2 errors on assembly of 'C:\TP_ST7\EXO1\exo1.asm'
No errors on assembly of 'C:\TP_ST7\EXO1\mapping.asm'
C:\TP_ST7\EXO1\exo1.asm(109): as1 : Error 54: Can't match Addressing mode '	ADD A, X'
1 error on assembly of 'C:\TP_ST7\EXO1\exo1.asm'
C:\TP_ST7\EXO1\exo1.asm(109): as1 : Error 54: Can't match Addressing mode '	ADD A, X'
1 error on assembly of 'C:\TP_ST7\EXO1\exo1.asm'
No errors on assembly of 'C:\TP_ST7\EXO1\mapping.asm'
No errors on assembly of 'C:\TP_ST7\EXO1\exo1.asm'
No errors on assembly of 'C:\TP_ST7\EXO1\exo1.asm'
No errors on assembly of 'C:\TP_ST7\EXO1\mapping.asm'
No errors on assembly of 'C:\TP_ST7\EXO1\st7lite2.asm'
No errors on assembly of 'C:\TP_ST7\EXO1\exo1.asm'
No errors on assembly of 'C:\TP_ST7\EXO1\mapping.asm'
No errors on assembly of 'C:\TP_ST7\EXO1\exo1.asm'
C:\TP_ST7\EXO1\exo1.asm(112): as2 : Error 46: Illegal undefined label 'bouc1'
1 error on assembly of 'C:\TP_ST7\EXO1\exo1.asm'
No errors on assembly of 'C:\TP_ST7\EXO1\mapping.asm'
No errors on assembly of 'C:\TP_ST7\EXO1\exo1.asm'
C:\TP_ST7\EXO1\exo1.asm(112): as2 : Error 46: Illegal undefined label 'bouc1'
1 error on assembly of 'C:\TP_ST7\EXO1\exo1.asm'
No errors on assembly of 'C:\TP_ST7\EXO1\mapping.asm'
No errors on assembly of 'C:\TP_ST7\EXO1\exo1.asm'
C:\TP_ST7\EXO1\exo1.asm(112): as2 : Error 46: Illegal undefined label 'bouc1'
1 error on assembly of 'C:\TP_ST7\EXO1\exo1.asm'
No errors on assembly of 'C:\TP_ST7\EXO1\mapping.asm'
No errors on assembly of 'C:\TP_ST7\EXO1\exo1.asm'
No errors on assembly of 'C:\TP_ST7\EXO1\exo1.asm'
No errors on assembly of 'C:\TP_ST7\EXO1\mapping.asm'
No errors on assembly of 'C:\TP_ST7\EXO1\st7lite2.asm'
No errors on assembly of 'C:\TP_ST7\EXO1\exo1.asm'
No errors on assembly of 'C:\TP_ST7\EXO1\mapping.asm'
C:\TP_ST7\EXO1\exo1.asm(109): as1 : Error 54: Can't match Addressing mode '	ADD A, X'
1 error on assembly of 'C:\TP_ST7\EXO1\exo1.asm'
C:\TP_ST7\EXO1\exo1.asm(109): as1 : Error 54: Can't match Addressing mode '	ADD A, X'
1 error on assembly of 'C:\TP_ST7\EXO1\exo1.asm'
No errors on assembly of 'C:\TP_ST7\EXO1\mapping.asm'
No errors on assembly of 'C:\TP_ST7\EXO1\exo1.asm'
No errors on assembly of 'C:\TP_ST7\EXO1\exo1.asm'
No errors on assembly of 'C:\TP_ST7\EXO1\mapping.asm'
No errors on assembly of 'C:\TP_ST7\EXO1\st7lite2.asm'
No errors on assembly of 'C:\TP_ST7\EXO1\exo1.asm'
No errors on assembly of 'C:\TP_ST7\EXO1\mapping.asm'
No errors on assembly of 'C:\TP_ST7\EXO1\exo1.asm'
No errors on assembly of 'C:\TP_ST7\EXO1\exo1.asm'
No errors on assembly of 'C:\TP_ST7\EXO1\mapping.asm'
No errors on assembly of 'C:\TP_ST7\EXO1\st7lite2.asm'
No errors on assembly of 'C:\TP_ST7\EXO1\exo1.asm'
No errors on assembly of 'C:\TP_ST7\EXO1\mapping.asm'
No errors on assembly of 'C:\TP_ST7\EXO1\exo1.asm'
No errors on assembly of 'C:\TP_ST7\EXO1\exo1.asm'
No errors on assembly of 'C:\TP_ST7\EXO1\mapping.asm'
No errors on assembly of 'C:\TP_ST7\EXO1\st7lite2.asm'
No errors on assembly of 'C:\TP_ST7\EXO1\exo1.asm'
No errors on assembly of 'C:\TP_ST7\EXO1\mapping.asm'
No errors on assembly of 'C:\TP_ST7\EXO1\exo1.asm'
No errors on assembly of 'C:\TP_ST7\EXO1\exo1.asm'
No errors on assembly of 'C:\TP_ST7\EXO1\mapping.asm'
No errors on assembly of 'C:\TP_ST7\EXO1\st7lite2.asm'
No errors on assembly of 'C:\TP_ST7\EXO1\exo1.asm'
No errors on assembly of 'C:\TP_ST7\EXO1\mapping.asm'
No errors on assembly of 'C:\TP_ST7\EXO1\st7lite2.asm'
No errors on assembly of 'C:\TP_ST7\EXO1\exo1.asm'
No errors on assembly of 'C:\TP_ST7\EXO1\mapping.asm'
No errors on assembly of 'C:\TP_ST7\EXO1\st7lite2.asm'
No errors on assembly of 'C:\TP_ST7\EXO1\exo1.asm'
No errors on assembly of 'C:\TP_ST7\EXO1\mapping.asm'
No errors on assembly of 'C:\TP_ST7\EXO1\st7lite2.asm'
No errors on assembly of 'C:\TP_ST7\EXO1\exo1.asm'
No errors on assembly of 'C:\TP_ST7\EXO1\mapping.asm'
No errors on assembly of 'C:\TP_ST7\EXO1\st7lite2.asm'
No errors on assembly of 'C:\TP_ST7\EXO1\exo1.asm'
No errors on assembly of 'C:\TP_ST7\EXO1\mapping.asm'
No errors on assembly of 'C:\TP_ST7\EXO1\mapping.asm'
